  Compiling CUDA source file ..\..\src\CudaVolPath.cu...
  Compiling CUDA source file ..\..\src\CudaVolPath_kernel.cu...
  
  C:\Users\Federico\Development\Github\CudaVolumeRenderer\CudaVolumeRenderer\CudaVolumeRenderer>"C:\Program Files\NVIDIA GPU Computing Toolkit\CUDA\v8.0\bin\nvcc.exe" -gencode=arch=compute_20,code=\"sm_20,compute_20\" --use-local-env --cl-version 2015 -ccbin "C:\Program Files (x86)\Microsoft Visual Studio 14.0\VC\bin\x86_amd64"  -I"C:\ProgramData\NVIDIA Corporation\CUDA Samples\v8.0\common\inc" -I..\..\external\boost_1_64_0\include -I..\..\external\inc -I"C:\Program Files\NVIDIA GPU Computing Toolkit\CUDA\v8.0\include" -I"C:\Program Files\NVIDIA GPU Computing Toolkit\CUDA\v8.0\include"  -G   --keep-dir x64\Debug -maxrregcount=0  --machine 64 --compile -cudart static  -g   -DWIN32 -DWIN64 -D_DEBUG -D_CONSOLE -D_MBCS -Xcompiler "/EHsc /W3 /nologo /Od /FS /Zi /RTC1 /MDd " -o x64\Debug\CudaVolPath.cu.obj "C:\Users\Federico\Development\Github\CudaVolumeRenderer\src\CudaVolPath.cu" 
  
  C:\Users\Federico\Development\Github\CudaVolumeRenderer\CudaVolumeRenderer\CudaVolumeRenderer>"C:\Program Files\NVIDIA GPU Computing Toolkit\CUDA\v8.0\bin\nvcc.exe" -gencode=arch=compute_20,code=\"sm_20,compute_20\" --use-local-env --cl-version 2015 -ccbin "C:\Program Files (x86)\Microsoft Visual Studio 14.0\VC\bin\x86_amd64"  -I"C:\ProgramData\NVIDIA Corporation\CUDA Samples\v8.0\common\inc" -I..\..\external\boost_1_64_0\include -I..\..\external\inc -I"C:\Program Files\NVIDIA GPU Computing Toolkit\CUDA\v8.0\include" -I"C:\Program Files\NVIDIA GPU Computing Toolkit\CUDA\v8.0\include"  -G   --keep-dir x64\Debug -maxrregcount=0  --machine 64 --compile -cudart static  -g   -DWIN32 -DWIN64 -D_DEBUG -D_CONSOLE -D_MBCS -Xcompiler "/EHsc /W3 /nologo /Od /FS /Zi /RTC1 /MDd " -o x64\Debug\CudaVolPath_kernel.cu.obj "C:\Users\Federico\Development\Github\CudaVolumeRenderer\src\CudaVolPath_kernel.cu" 
C:/Users/Federico/Development/Github/CudaVolumeRenderer/src/CudaVolPath_kernel.cu(253): warning : variable "min_throughput" was declared but never referenced
C:/Users/Federico/Development/Github/CudaVolumeRenderer/src/CudaVolPath_kernel.cu(253): warning : variable "min_throughput" was declared but never referenced
CUDACOMPILE : nvcc warning : The 'compute_20', 'sm_20', and 'sm_21' architectures are deprecated, and may be removed in a future release (Use -Wno-deprecated-gpu-targets to suppress warning).
  CudaVolPath.cu
CUDACOMPILE : nvcc warning : The 'compute_20', 'sm_20', and 'sm_21' architectures are deprecated, and may be removed in a future release (Use -Wno-deprecated-gpu-targets to suppress warning).
  CudaVolPath_kernel.cu
c:\users\federico\development\github\cudavolumerenderer\src\Config.h(117): warning C4800: 'unsigned __int64': imposto valore booleano 'true' o 'false' (avviso di prestazioni)
C:/Users/Federico/Development/Github/CudaVolumeRenderer/src/CudaVolPath.cu(18): warning C4244: '=': conversione da 'float' a 'uint'. Possibile perdita di dati.
C:/Users/Federico/Development/Github/CudaVolumeRenderer/src/CudaVolPath.cu(165): warning C4244: 'argomento': conversione da 'int' a 'float'. Possibile perdita di dati.
C:/Users/Federico/Development/Github/CudaVolumeRenderer/src/CudaVolPath.cu(166): warning C4244: 'argomento': conversione da 'int' a 'float'. Possibile perdita di dati.
C:/Users/Federico/Development/Github/CudaVolumeRenderer/src/CudaVolPath.cu(171): warning C4018: '<': errata corrispondenza tra signed e unsigned
C:/Users/Federico/Development/Github/CudaVolumeRenderer/src/CudaVolPath.cu(176): warning C4244: 'argomento': conversione da 'const float' a 'int'. Possibile perdita di dati.
c:\users\federico\development\github\cudavolumerenderer\src\Config.h(117): warning C4800: 'unsigned __int64': imposto valore booleano 'true' o 'false' (avviso di prestazioni)
  Main.cpp
c:\users\federico\development\github\cudavolumerenderer\src\config.h(117): warning C4800: 'unsigned __int64': imposto valore booleano 'true' o 'false' (avviso di prestazioni)
c:\program files\nvidia gpu computing toolkit\cuda\v8.0\include\thrust\system\detail\error_category.inl(102): warning C4996: 'strerror': This function or variable may be unsafe. Consider using strerror_s instead. To disable deprecation, use _CRT_SECURE_NO_WARNINGS. See online help for details.
  c:\program files (x86)\windows kits\10\include\10.0.10240.0\ucrt\string.h(178): note: vedere la dichiarazione di 'strerror'
c:\program files\nvidia gpu computing toolkit\cuda\v8.0\include\thrust\system\cuda\detail\bulk\detail\pointer_traits.hpp(55): warning C4800: 'unsigned int': imposto valore booleano 'true' o 'false' (avviso di prestazioni)
  CudaVolumeRenderer.vcxproj -> C:\Users\Federico\Development\Github\CudaVolumeRenderer\CudaVolumeRenderer\x64\Debug\CudaVolumeRenderer.exe
  CudaVolumeRenderer.vcxproj -> C:\Users\Federico\Development\Github\CudaVolumeRenderer\CudaVolumeRenderer\x64\Debug\CudaVolumeRenderer.pdb (Full PDB)
  copy "C:\Program Files\NVIDIA GPU Computing Toolkit\CUDA\v8.0\bin\cudart*.dll" "C:\Users\Federico\Development\Github\CudaVolumeRenderer\CudaVolumeRenderer\x64\Debug\"
  C:\Program Files\NVIDIA GPU Computing Toolkit\CUDA\v8.0\bin\cudart32_80.dll
  C:\Program Files\NVIDIA GPU Computing Toolkit\CUDA\v8.0\bin\cudart64_80.dll
          2 file(s) copied.
