c:\users\federico\development\github\cudavolumerenderer\cudavolumerenderer\cudavolumerenderer\x64\debug\vc140.pdb
c:\users\federico\development\github\cudavolumerenderer\cudavolumerenderer\cudavolumerenderer\x64\debug\vc140.idb
c:\users\federico\development\github\cudavolumerenderer\cudavolumerenderer\cudavolumerenderer\x64\debug\image.obj
c:\users\federico\development\github\cudavolumerenderer\cudavolumerenderer\cudavolumerenderer\x64\debug\integrator.obj
c:\users\federico\development\github\cudavolumerenderer\cudavolumerenderer\cudavolumerenderer\x64\debug\main.obj
c:\users\federico\development\github\cudavolumerenderer\cudavolumerenderer\cudavolumerenderer\x64\debug\rendercamera.obj
c:\users\federico\development\github\cudavolumerenderer\cudavolumerenderer\cudavolumerenderer\x64\debug\stb.obj
c:\users\federico\development\github\cudavolumerenderer\cudavolumerenderer\cudavolumerenderer\x64\debug\utilities.obj
c:\users\federico\development\github\cudavolumerenderer\cudavolumerenderer\x64\debug\cudavolumerenderer.ilk
c:\users\federico\development\github\cudavolumerenderer\cudavolumerenderer\x64\debug\cudavolumerenderer.exe
c:\users\federico\development\github\cudavolumerenderer\cudavolumerenderer\x64\debug\cudavolumerenderer.pdb
c:\users\federico\development\github\cudavolumerenderer\cudavolumerenderer\cudavolumerenderer\x64\debug\cudavolpath.cu.cache
c:\users\federico\development\github\cudavolumerenderer\cudavolumerenderer\cudavolumerenderer\x64\debug\cudavolpath_kernel.cu.cache
c:\users\federico\development\github\cudavolumerenderer\cudavolumerenderer\cudavolumerenderer\x64\debug\curandstatesfactory.cu.cache
c:\users\federico\development\github\cudavolumerenderer\cudavolumerenderer\cudavolumerenderer\x64\debug\cudavolpath.cu.obj
c:\users\federico\development\github\cudavolumerenderer\cudavolumerenderer\cudavolumerenderer\x64\debug\cudavolpath_kernel.cu.obj
c:\users\federico\development\github\cudavolumerenderer\cudavolumerenderer\cudavolumerenderer\x64\debug\curandstatesfactory.cu.obj
c:\users\federico\development\github\cudavolumerenderer\cudavolumerenderer\cudavolumerenderer\x64\debug\cudavolu.5883be73.tlog\cl.command.1.tlog
c:\users\federico\development\github\cudavolumerenderer\cudavolumerenderer\cudavolumerenderer\x64\debug\cudavolu.5883be73.tlog\cl.read.1.tlog
c:\users\federico\development\github\cudavolumerenderer\cudavolumerenderer\cudavolumerenderer\x64\debug\cudavolu.5883be73.tlog\cl.write.1.tlog
c:\users\federico\development\github\cudavolumerenderer\cudavolumerenderer\cudavolumerenderer\x64\debug\cudavolu.5883be73.tlog\link.command.1.tlog
c:\users\federico\development\github\cudavolumerenderer\cudavolumerenderer\cudavolumerenderer\x64\debug\cudavolu.5883be73.tlog\link.read.1.tlog
c:\users\federico\development\github\cudavolumerenderer\cudavolumerenderer\cudavolumerenderer\x64\debug\cudavolu.5883be73.tlog\link.write.1.tlog
